e:\aastudy\4\computergraph\c++\tutorial06\debug\vc142.pdb
e:\aastudy\4\computergraph\c++\tutorial06\debug\vc142.idb
e:\aastudy\4\computergraph\c++\tutorial06\debug\tutorial06.obj
e:\aastudy\4\computergraph\c++\debug\tutorial06_ps.cso
e:\aastudy\4\computergraph\c++\debug\tutorial06_vs.cso
e:\aastudy\4\computergraph\c++\tutorial06\debug\tutorial06.res
e:\aastudy\4\computergraph\c++\tutorial06\debug\tutorial06.ilk
e:\aastudy\4\computergraph\c++\debug\tutorial06.pdb
e:\aastudy\4\computergraph\c++\debug\tutorial06.exe
e:\aastudy\4\computergraph\c++\tutorial06\debug\tutorial06.tlog\cl.command.1.tlog
e:\aastudy\4\computergraph\c++\tutorial06\debug\tutorial06.tlog\cl.read.1.tlog
e:\aastudy\4\computergraph\c++\tutorial06\debug\tutorial06.tlog\cl.write.1.tlog
e:\aastudy\4\computergraph\c++\tutorial06\debug\tutorial06.tlog\fxc.command.1.tlog
e:\aastudy\4\computergraph\c++\tutorial06\debug\tutorial06.tlog\fxc.read.1.tlog
e:\aastudy\4\computergraph\c++\tutorial06\debug\tutorial06.tlog\fxc.write.1.tlog
e:\aastudy\4\computergraph\c++\tutorial06\debug\tutorial06.tlog\link.command.1.tlog
e:\aastudy\4\computergraph\c++\tutorial06\debug\tutorial06.tlog\link.read.1.tlog
e:\aastudy\4\computergraph\c++\tutorial06\debug\tutorial06.tlog\link.write.1.tlog
e:\aastudy\4\computergraph\c++\tutorial06\debug\tutorial06.tlog\rc.command.1.tlog
e:\aastudy\4\computergraph\c++\tutorial06\debug\tutorial06.tlog\rc.read.1.tlog
e:\aastudy\4\computergraph\c++\tutorial06\debug\tutorial06.tlog\rc.write.1.tlog
